<?xml version="1.0" encoding="UTF-8"?>
<!-- Generated by org.testng.reporters.JUnitXMLReporter -->
<testsuite hostname="DESKTOP-N6TDHHK" ignored="0" name="BankingApp Test" tests="2" failures="0" timestamp="14 May 2019 22:40:34 GMT" time="131.484" errors="0">
  <testcase name="loginTest" time="12.267" classname="com.inetbanking.testCases.TC_LoginTest_001"/>
  <testcase name="addNewCustomer" time="59.022" classname="com.inetbanking.testCases.TC_AddCustomerTest_003"/>
</testsuite> <!-- BankingApp Test -->
