<?xml version="1.0" encoding="UTF-8"?>
<testng-results skipped="0" failed="0" ignored="0" total="2" passed="2">
  <reporter-output>
  </reporter-output>
  <suite name="InetBankingV1" duration-ms="131484" started-at="2019-05-14T22:38:22Z" finished-at="2019-05-14T22:40:34Z">
    <groups>
    </groups>
    <test name="BankingApp Test" duration-ms="131484" started-at="2019-05-14T22:38:22Z" finished-at="2019-05-14T22:40:34Z">
      <class name="com.inetbanking.testCases.TC_LoginTest_001">
        <test-method status="PASS" signature="setup(java.lang.String)[pri:0, instance:com.inetbanking.testCases.TC_LoginTest_001@3796751b]" name="setup" is-config="true" duration-ms="31985" started-at="2019-05-14T22:38:24Z" finished-at="2019-05-14T22:38:56Z">
          <params>
            <param index="0">
              <value>
                <![CDATA[chrome]]>
              </value>
            </param>
          </params>
          <reporter-output>
          </reporter-output>
        </test-method> <!-- setup -->
        <test-method status="PASS" signature="loginTest()[pri:0, instance:com.inetbanking.testCases.TC_LoginTest_001@3796751b]" name="loginTest" duration-ms="12267" started-at="2019-05-14T22:38:56Z" finished-at="2019-05-14T22:39:08Z">
          <reporter-output>
          </reporter-output>
        </test-method> <!-- loginTest -->
        <test-method status="PASS" signature="teardown()[pri:0, instance:com.inetbanking.testCases.TC_LoginTest_001@3796751b]" name="teardown" is-config="true" duration-ms="2160" started-at="2019-05-14T22:39:08Z" finished-at="2019-05-14T22:39:10Z">
          <reporter-output>
          </reporter-output>
        </test-method> <!-- teardown -->
      </class> <!-- com.inetbanking.testCases.TC_LoginTest_001 -->
      <class name="com.inetbanking.testCases.TC_AddCustomerTest_003">
        <test-method status="PASS" signature="setup(java.lang.String)[pri:0, instance:com.inetbanking.testCases.TC_AddCustomerTest_003@67b64c45]" name="setup" is-config="true" duration-ms="21829" started-at="2019-05-14T22:39:10Z" finished-at="2019-05-14T22:39:32Z">
          <params>
            <param index="0">
              <value>
                <![CDATA[chrome]]>
              </value>
            </param>
          </params>
          <reporter-output>
          </reporter-output>
        </test-method> <!-- setup -->
        <test-method status="PASS" signature="addNewCustomer()[pri:0, instance:com.inetbanking.testCases.TC_AddCustomerTest_003@67b64c45]" name="addNewCustomer" duration-ms="59022" started-at="2019-05-14T22:39:32Z" finished-at="2019-05-14T22:40:31Z">
          <reporter-output>
          </reporter-output>
        </test-method> <!-- addNewCustomer -->
        <test-method status="PASS" signature="teardown()[pri:0, instance:com.inetbanking.testCases.TC_AddCustomerTest_003@67b64c45]" name="teardown" is-config="true" duration-ms="2209" started-at="2019-05-14T22:40:31Z" finished-at="2019-05-14T22:40:34Z">
          <reporter-output>
          </reporter-output>
        </test-method> <!-- teardown -->
      </class> <!-- com.inetbanking.testCases.TC_AddCustomerTest_003 -->
    </test> <!-- BankingApp Test -->
  </suite> <!-- InetBankingV1 -->
</testng-results>
